<?xml version="1.0" encoding="UTF-8"?>
<testsuite name="com.generics.FindMaxNumTest" tests="1" skipped="0" failures="0" errors="0" timestamp="2019-11-29T07:16:52" hostname="admin1-desktop" time="0.004">
  <properties/>
  <testcase name="givenMoreThanThreeFloat_WhenProper_ReturnMaxFloatNum" classname="com.generics.FindMaxNumTest" time="0.004"/>
  <system-out><![CDATA[
Maximum Value:45.7
]]></system-out>
  <system-err><![CDATA[]]></system-err>
</testsuite>
