<?xml version="1.0" encoding="UTF-8"?>
<testsuite name="com.generics.FindMaxNumTest" tests="1" skipped="0" failures="0" errors="0" timestamp="2019-11-29T04:04:32" hostname="admin1-desktop" time="0.006">
  <properties/>
  <testcase name="givenThreeIntegerValue_WhenProper_ReturnPrintThatValue" classname="com.generics.FindMaxNumTest" time="0.006"/>
  <system-out><![CDATA[30
]]></system-out>
  <system-err><![CDATA[]]></system-err>
</testsuite>
