<?xml version="1.0" encoding="UTF-8"?>
<testsuite name="com.generics.FindMaxNumTest" tests="1" skipped="0" failures="0" errors="0" timestamp="2019-11-28T11:15:30" hostname="admin1-desktop" time="0.001">
  <properties/>
  <testcase name="givenThreeStringValue_WhenProper_ReturnTrue" classname="com.generics.FindMaxNumTest" time="0.001"/>
  <system-out><![CDATA[]]></system-out>
  <system-err><![CDATA[]]></system-err>
</testsuite>
